<?xml version="1.0" encoding="UTF-8"?>
<!-- Generated by org.testng.reporters.JUnitXMLReporter -->
<testsuite hostname="VERITY-98" ignored="0" name="Command line test" tests="9" failures="0" timestamp="10 feb 2021 17:25:18 GMT" time="584.895" errors="0">
  <testcase name="PruebaCinco" time="32.197" classname="test.Tests_FacturaExportacionGratuita"/>
  <testcase name="PruebaCuatro" time="32.818" classname="test.Tests_FacturaExportacionGratuita"/>
  <testcase name="PruebaDos" time="32.831" classname="test.Tests_FacturaExportacionGratuita"/>
  <testcase name="PruebaNueve" time="32.553" classname="test.Tests_FacturaExportacionGratuita"/>
  <testcase name="PruebaOcho" time="33.051" classname="test.Tests_FacturaExportacionGratuita"/>
  <testcase name="PruebaSeis" time="126.599" classname="test.Tests_FacturaExportacionGratuita"/>
  <testcase name="PruebaSiete" time="32.354" classname="test.Tests_FacturaExportacionGratuita"/>
  <testcase name="PruebaTres" time="126.62" classname="test.Tests_FacturaExportacionGratuita"/>
  <testcase name="PruebaUno" time="33.006" classname="test.Tests_FacturaExportacionGratuita"/>
</testsuite> <!-- Command line test -->
