<?xml version="1.0" encoding="UTF-8" ?>
<testsuite tests="25" failures="2" name="TestSuite" time="1,619.451" errors="0" skipped="2">
  <properties>
[...]
</properties>
  <testcase classname="test.Tests_FacturaAfectaGratuita" name="PruebaTreinta" time="40.419"/>
  <testcase classname="test.Tests_FacturaAfectaGratuita" name="PruebaTreintayDos" time="39.527"/>
  <testcase classname="test.Tests_FacturaAfectaGratuita" name="PruebaTreintayUno" time="46.732"/>
  <testcase classname="test.Tests_FacturaAfectaGratuita" name="PruebaVeintiNueve" time="43.535"/>
  <testcase classname="test.Tests_FacturaAfectaGratuita" name="PruebaVeintiOcho" time="42.618"/>
  <testcase classname="test.Tests_FacturaAfectaGratuita" name="PruebaVeintiSeis" time="40.19"/>
  <testcase classname="test.Tests_FacturaAfectaGratuita" name="PruebaVeintiSiete" time="39.611"/>
  <testcase classname="test.Tests_FacturaExportacionGratuita" name="PruebaCinco" time="32.081"/>
  <testcase classname="test.Tests_FacturaExportacionGratuita" name="PruebaCuatro" time="32.278"/>
  <testcase classname="test.Tests_FacturaExportacionGratuita" name="PruebaDos" time="32.386"/>
  <testcase classname="test.Tests_FacturaExportacionGratuita" name="PruebaNueve" time="32.337"/>
  <testcase classname="test.Tests_FacturaExportacionGratuita" name="PruebaOcho" time="10.045">
    <failure message="no such element: Unable to locate element: {&quot;method&quot;:&quot;xpath&quot;,&quot;selector&quot;:&quot;//*[@id=&quot;panel-lis-ul&quot;]/li[7]/a/span[1]&quot;}
  (Session info: chrome=88.0.4324.150)
For documentation on this error, please visit: http://seleniumhq.org/exceptions/no_such_element.html
Build info: version: &apos;3.11.0&apos;, revision: &apos;e59cfb3&apos;, time: &apos;2018-03-11T20:26:55.152Z&apos;
System info: host: &apos;VERITY-98&apos;, ip: &apos;192.168.0.13&apos;, os.name: &apos;Windows 10&apos;, os.arch: &apos;amd64&apos;, os.version: &apos;10.0&apos;, java.version: &apos;1.8.0_281&apos;
Driver info: org.openqa.selenium.chrome.ChromeDriver
Capabilities {acceptInsecureCerts: false, browserName: chrome, browserVersion: 88.0.4324.150, chrome: {chromedriverVersion: 88.0.4324.96 (68dba2d8a0b14..., userDataDir: C:\Users\estef\AppData\Loca...}, goog:chromeOptions: {debuggerAddress: localhost:53622}, javascriptEnabled: true, networkConnectionEnabled: false, pageLoadStrategy: normal, platform: WINDOWS, platformName: WINDOWS, proxy: Proxy(), setWindowRect: true, strictFileInteractability: false, timeouts: {implicit: 0, pageLoad: 300000, script: 30000}, unhandledPromptBehavior: dismiss and notify, webauthn:extension:largeBlob: true, webauthn:virtualAuthenticators: true}
Session ID: 0142706ad52aaea3ca5a83a005507132
*** Element info: {Using=xpath, value=//*[@id=&quot;panel-lis-ul&quot;]/li[7]/a/span[1]}" type="org.openqa.selenium.NoSuchElementException">org.openqa.selenium.NoSuchElementException: no such element: Unable to locate element: {&quot;method&quot;:&quot;xpath&quot;,&quot;selector&quot;:&quot;//*[@id=&quot;panel-lis-ul&quot;]/li[7]/a/span[1]&quot;}
  (Session info: chrome=88.0.4324.150)
For documentation on this error, please visit: http://seleniumhq.org/exceptions/no_such_element.html
Build info: version: &apos;3.11.0&apos;, revision: &apos;e59cfb3&apos;, time: &apos;2018-03-11T20:26:55.152Z&apos;
System info: host: &apos;VERITY-98&apos;, ip: &apos;192.168.0.13&apos;, os.name: &apos;Windows 10&apos;, os.arch: &apos;amd64&apos;, os.version: &apos;10.0&apos;, java.version: &apos;1.8.0_281&apos;
Driver info: org.openqa.selenium.chrome.ChromeDriver
Capabilities {acceptInsecureCerts: false, browserName: chrome, browserVersion: 88.0.4324.150, chrome: {chromedriverVersion: 88.0.4324.96 (68dba2d8a0b14..., userDataDir: C:\Users\estef\AppData\Loca...}, goog:chromeOptions: {debuggerAddress: localhost:53622}, javascriptEnabled: true, networkConnectionEnabled: false, pageLoadStrategy: normal, platform: WINDOWS, platformName: WINDOWS, proxy: Proxy(), setWindowRect: true, strictFileInteractability: false, timeouts: {implicit: 0, pageLoad: 300000, script: 30000}, unhandledPromptBehavior: dismiss and notify, webauthn:extension:largeBlob: true, webauthn:virtualAuthenticators: true}
Session ID: 0142706ad52aaea3ca5a83a005507132
*** Element info: {Using=xpath, value=//*[@id=&quot;panel-lis-ul&quot;]/li[7]/a/span[1]}
	at sun.reflect.NativeConstructorAccessorImpl.newInstance0(Native Method)
	at sun.reflect.NativeConstructorAccessorImpl.newInstance(NativeConstructorAccessorImpl.java:62)
	at sun.reflect.DelegatingConstructorAccessorImpl.newInstance(DelegatingConstructorAccessorImpl.java:45)
	at java.lang.reflect.Constructor.newInstance(Constructor.java:423)
	at org.openqa.selenium.remote.http.W3CHttpResponseCodec.createException(W3CHttpResponseCodec.java:187)
	at org.openqa.selenium.remote.http.W3CHttpResponseCodec.decode(W3CHttpResponseCodec.java:122)
	at org.openqa.selenium.remote.http.W3CHttpResponseCodec.decode(W3CHttpResponseCodec.java:49)
	at org.openqa.selenium.remote.HttpCommandExecutor.execute(HttpCommandExecutor.java:158)
	at org.openqa.selenium.remote.service.DriverCommandExecutor.execute(DriverCommandExecutor.java:83)
	at org.openqa.selenium.remote.RemoteWebDriver.execute(RemoteWebDriver.java:545)
	at org.openqa.selenium.remote.RemoteWebDriver.findElement(RemoteWebDriver.java:319)
	at org.openqa.selenium.remote.RemoteWebDriver.findElementByXPath(RemoteWebDriver.java:421)
	at org.openqa.selenium.By$ByXPath.findElement(By.java:361)
	at org.openqa.selenium.remote.RemoteWebDriver.findElement(RemoteWebDriver.java:311)
	at pages.PageSeleccionCpe.clickEmisionExpress(PageSeleccionCpe.java:16)
	at test.Tests_FacturaExportacionGratuita.PruebaOcho(Tests_FacturaExportacionGratuita.java:231)
</failure>
    <system-out>EAP_0008
</system-out>
    <system-err>Starting ChromeDriver 88.0.4324.96 (68dba2d8a0b149a1d3afac56fa74648032bcf46b-refs/branch-heads/4324@{#1784}) on port 16570
Only local connections are allowed.
Please see https://chromedriver.chromium.org/security-considerations for suggestions on keeping ChromeDriver safe.
ChromeDriver was started successfully.
feb 11, 2021 9:29:51 AM org.openqa.selenium.remote.ProtocolHandshake createSession
INFORMACIÓN: Detected dialect: W3C
</system-err>
  </testcase>
  <testcase classname="test.Tests_FacturaExportacionGratuita" name="PruebaSeis" time="126.251"/>
  <testcase classname="test.Tests_FacturaExportacionGratuita" name="PruebaSiete" time="34.546"/>
  <testcase classname="test.Tests_FacturaExportacionGratuita" name="PruebaTres" time="129.897"/>
  <testcase classname="test.Tests_FacturaExportacionGratuita" name="PruebaUno" time="32.853"/>
  <testcase classname="test.Tests_FacturaInafectaGratuita" name="PruebaTreintayCinco" time="41.437"/>
  <testcase classname="test.Tests_FacturaInafectaGratuita" name="PruebaTreintayCuatro" time="39.606"/>
  <testcase classname="test.Tests_FacturaInafectaGratuita" name="PruebaTreintayNueve" time="39.258"/>
  <testcase classname="test.Tests_FacturaInafectaGratuita" name="PruebaTreintayOcho" time="39.84"/>
  <testcase classname="test.Tests_FacturaInafectaGratuita" name="PruebaTreintaySeis" time="39.526"/>
  <testcase classname="test.Tests_FacturaInafectaGratuita" name="PruebaTreintaySiete" time="40.952"/>
  <testcase classname="test.Tests_FacturaInafectaGratuita" name="setUp" time="207.842">
    <failure message="disconnected: Unable to receive message from renderer
  (Session info: chrome=88.0.4324.150)
Build info: version: &apos;3.11.0&apos;, revision: &apos;e59cfb3&apos;, time: &apos;2018-03-11T20:26:55.152Z&apos;
System info: host: &apos;VERITY-98&apos;, ip: &apos;192.168.0.13&apos;, os.name: &apos;Windows 10&apos;, os.arch: &apos;amd64&apos;, os.version: &apos;10.0&apos;, java.version: &apos;1.8.0_281&apos;
Driver info: org.openqa.selenium.chrome.ChromeDriver
Capabilities {acceptInsecureCerts: false, browserName: chrome, browserVersion: 88.0.4324.150, chrome: {chromedriverVersion: 88.0.4324.96 (68dba2d8a0b14..., userDataDir: C:\Users\estef\AppData\Loca...}, goog:chromeOptions: {debuggerAddress: localhost:53898}, javascriptEnabled: true, networkConnectionEnabled: false, pageLoadStrategy: normal, platform: WINDOWS, platformName: WINDOWS, proxy: Proxy(), setWindowRect: true, strictFileInteractability: false, timeouts: {implicit: 0, pageLoad: 300000, script: 30000}, unhandledPromptBehavior: dismiss and notify, webauthn:extension:largeBlob: true, webauthn:virtualAuthenticators: true}
Session ID: f659d22237ac21e25404fdc9faddddc6" type="org.openqa.selenium.WebDriverException">org.openqa.selenium.WebDriverException: disconnected: Unable to receive message from renderer
  (Session info: chrome=88.0.4324.150)
Build info: version: &apos;3.11.0&apos;, revision: &apos;e59cfb3&apos;, time: &apos;2018-03-11T20:26:55.152Z&apos;
System info: host: &apos;VERITY-98&apos;, ip: &apos;192.168.0.13&apos;, os.name: &apos;Windows 10&apos;, os.arch: &apos;amd64&apos;, os.version: &apos;10.0&apos;, java.version: &apos;1.8.0_281&apos;
Driver info: org.openqa.selenium.chrome.ChromeDriver
Capabilities {acceptInsecureCerts: false, browserName: chrome, browserVersion: 88.0.4324.150, chrome: {chromedriverVersion: 88.0.4324.96 (68dba2d8a0b14..., userDataDir: C:\Users\estef\AppData\Loca...}, goog:chromeOptions: {debuggerAddress: localhost:53898}, javascriptEnabled: true, networkConnectionEnabled: false, pageLoadStrategy: normal, platform: WINDOWS, platformName: WINDOWS, proxy: Proxy(), setWindowRect: true, strictFileInteractability: false, timeouts: {implicit: 0, pageLoad: 300000, script: 30000}, unhandledPromptBehavior: dismiss and notify, webauthn:extension:largeBlob: true, webauthn:virtualAuthenticators: true}
Session ID: f659d22237ac21e25404fdc9faddddc6
	at sun.reflect.NativeConstructorAccessorImpl.newInstance0(Native Method)
	at sun.reflect.NativeConstructorAccessorImpl.newInstance(NativeConstructorAccessorImpl.java:62)
	at sun.reflect.DelegatingConstructorAccessorImpl.newInstance(DelegatingConstructorAccessorImpl.java:45)
	at java.lang.reflect.Constructor.newInstance(Constructor.java:423)
	at org.openqa.selenium.remote.http.W3CHttpResponseCodec.createException(W3CHttpResponseCodec.java:187)
	at org.openqa.selenium.remote.http.W3CHttpResponseCodec.decode(W3CHttpResponseCodec.java:122)
	at org.openqa.selenium.remote.http.W3CHttpResponseCodec.decode(W3CHttpResponseCodec.java:49)
	at org.openqa.selenium.remote.HttpCommandExecutor.execute(HttpCommandExecutor.java:158)
	at org.openqa.selenium.remote.service.DriverCommandExecutor.execute(DriverCommandExecutor.java:83)
	at org.openqa.selenium.remote.RemoteWebDriver.execute(RemoteWebDriver.java:545)
	at org.openqa.selenium.remote.RemoteWebElement.execute(RemoteWebElement.java:279)
	at org.openqa.selenium.remote.RemoteWebElement.click(RemoteWebElement.java:83)
	at pages.PageLogin.login(PageLogin.java:18)
	at test.Tests_FacturaInafectaGratuita.setUp(Tests_FacturaInafectaGratuita.java:30)
</failure>
    <system-err>Starting ChromeDriver 88.0.4324.96 (68dba2d8a0b149a1d3afac56fa74648032bcf46b-refs/branch-heads/4324@{#1784}) on port 32261
Only local connections are allowed.
Please see https://chromedriver.chromium.org/security-considerations for suggestions on keeping ChromeDriver safe.
ChromeDriver was started successfully.
feb 11, 2021 9:46:14 AM org.openqa.selenium.remote.ProtocolHandshake createSession
INFORMACIÓN: Detected dialect: W3C
[1613047725.849][SEVERE]: Unable to receive message from renderer
</system-err>
  </testcase>
  <testcase classname="test.Tests_FacturaInafectaGratuita" name="PruebaTreintayTres" time="207.842">
    <skipped/>
  </testcase>
  <testcase classname="test.Tests_FacturaInafectaGratuita" name="FinEjecucion" time="207.842">
    <skipped/>
  </testcase>
</testsuite>