<?xml version="1.0" encoding="UTF-8"?>
<!-- Generated by org.testng.reporters.JUnitXMLReporter -->
<testsuite hostname="VERITY-98" ignored="0" name="Command line test" tests="9" failures="0" timestamp="09 feb 2021 21:16:24 GMT" time="884.711" errors="0">
  <testcase name="PruebaCinco" time="55.912" classname="test.Tests"/>
  <testcase name="PruebaCuatro" time="55.411" classname="test.Tests"/>
  <testcase name="PruebaDos" time="55.398" classname="test.Tests"/>
  <testcase name="PruebaNueve" time="55.485" classname="test.Tests"/>
  <testcase name="PruebaOcho" time="55.362" classname="test.Tests"/>
  <testcase name="PruebaSeis" time="200.075" classname="test.Tests"/>
  <testcase name="PruebaSiete" time="55.287" classname="test.Tests"/>
  <testcase name="PruebaTres" time="199.639" classname="test.Tests"/>
  <testcase name="PruebaUno" time="55.07" classname="test.Tests"/>
</testsuite> <!-- Command line test -->
